==========================================
 创建日期: 2015-03-23
------------------------------------------------------------------------------
需求描述:电子病历个人模板保存与查询缺陷（包含门诊和住院）
------------------------------------------------------------------------------
需求类型: 缺陷修改 
------------------------------------------------------------------------------
涉及文件: phis.application.emr.source.EmrManageService.java(doLoadBlmb方法)
		 phis.application.emr.schemas.V_EMR_BLMB_PRI.sc
		 phis.application.emr.script.EMRPersonalPlateForm.js
		 phis.application.emr.script.EMRmodeBlmbMZList.js
		 phis.application.cic.script.PEMRView.js(打开模板时增加门诊打开标志)
------------------------------------------------------------------------------
需求处理: 杨力		日期: 2015-03-23
------------------------------------------------------------------------------ 
备       注: PHIS2.4.10存在此问题
===========================================


--填写说明
--1、在申请标准版本后，对程序做的任何修改请记录在此文档，方便后续版本控制
--2、程序缺陷修改、新增需求、功能完善等均需按以下规定格式记录
--3、记录按照首次创建日期逆序排序，最新修改的记录放在文档最前面

//==========================================
// 创建日期: 2014-02-01
//------------------------------------------------------------------------------
// 需求描述: XXX
// 			XXX
// 			XXX
//------------------------------------------------------------------------------
// 需求类型: 1、缺陷修改 2、新增需求 3、功能完善
//------------------------------------------------------------------------------
// 涉及文件: 
//------------------------------------------------------------------------------
// 需求提出: XX项目组 XX人员 日期: 2014-02-01
//------------------------------------------------------------------------------
// 需求处理: XXX		日期: 2014-02-01
//------------------------------------------------------------------------------ 
// 备          注: XXX
// 			XXX
// 			XXX
//===========================================


